<?xml version="1.0" encoding="UTF-8"?>
<!-- Generated by org.testng.reporters.JUnitXMLReporter -->
<testsuite ignored="2" hostname="DESKTOP-1OMGFMI" failures="0" tests="1" name="Default test" time="89.473" errors="0" timestamp="2023-04-27T18:29:17 BDT">
  <testcase classname="webtests.TestExecution" name="testHomePageUrl" time="61.093"/>
  <testcase classname="webtests.TestExecution" name="testHomePageTitle" time="0.0">
    <ignored/>
  </testcase> <!-- testHomePageTitle -->
  <testcase classname="webtests.TestExecution" name="PurchaseBook" time="0.0">
    <ignored/>
  </testcase> <!-- PurchaseBook -->
</testsuite> <!-- Default test -->
