<?xml version="1.0" encoding="UTF-8"?>
<!-- Generated by org.testng.reporters.JUnitXMLReporter -->
<testsuite ignored="0" hostname="DESKTOP-1OMGFMI" failures="0" tests="3" name="Test" time="228.272" errors="0" timestamp="2023-04-27T19:09:48 BDT">
  <testcase classname="webtests.TestExecution" name="testHomePageTitle" time="105.988"/>
  <testcase classname="webtests.TestExecution" name="PurchaseBook" time="169.529"/>
  <testcase classname="webtests.TestExecution" name="testHomePageUrl" time="68.369"/>
</testsuite> <!-- Test -->
